<?xml version="1.0" encoding="UTF-8"?>
<!-- Generated by org.testng.reporters.JUnitReportReporter -->
<testsuite hostname="LAPTOP-B72RHGR6" failures="0" tests="1" name="com.test.restApis.GetReqBDD" time="3.322" errors="0" timestamp="2019-12-26T20:09:04 PST" skipped="0">
  <testcase classname="com.test.restApis.GetReqBDD" name="test_NumOfCircuits_2017" time="3.322"/>
</testsuite> <!-- com.test.restApis.GetReqBDD -->
