<?xml version="1.0" encoding="UTF-8"?>
<!-- Generated by org.testng.reporters.JUnitReportReporter -->
<testsuite hostname="LAPTOP-B72RHGR6" failures="0" tests="1" name="com.test.restApis.GetReqBDD" time="2.180" errors="0" timestamp="27 Dec 2019 19:46:26 GMT">
  <testcase classname="com.test.restApis.GetReqBDD" name="test_NumOfCircuits_2017" time="2.180"/>
</testsuite> <!-- com.test.restApis.GetReqBDD -->
